<?xml version="1.0" encoding="UTF-8"?>
<testng-results ignored="0" total="1" passed="1" failed="0" skipped="0">
  <reporter-output>
  </reporter-output>
  <suite started-at="2021-01-29T12:26:48 EST" name="Default suite" finished-at="2021-01-29T12:26:56 EST" duration-ms="7940">
    <groups>
    </groups>
    <test started-at="2021-01-29T12:26:48 EST" name="Default test" finished-at="2021-01-29T12:26:56 EST" duration-ms="7940">
      <class name="autuomation.Run1">
        <test-method is-config="true" signature="beforeMethod()[pri:0, instance:autuomation.Run1@757acd7b]" started-at="2021-01-29T12:26:48 EST" name="beforeMethod" finished-at="2021-01-29T12:26:52 EST" duration-ms="3499" status="PASS">
          <reporter-output>
          </reporter-output>
        </test-method> <!-- beforeMethod -->
        <test-method signature="f()[pri:0, instance:autuomation.Run1@757acd7b]" started-at="2021-01-29T12:26:52 EST" name="f" finished-at="2021-01-29T12:26:56 EST" duration-ms="4396" status="PASS">
          <reporter-output>
          </reporter-output>
        </test-method> <!-- f -->
        <test-method is-config="true" signature="afterMethod()[pri:0, instance:autuomation.Run1@757acd7b]" started-at="2021-01-29T12:26:56 EST" name="afterMethod" finished-at="2021-01-29T12:26:56 EST" duration-ms="0" status="PASS">
          <reporter-output>
          </reporter-output>
        </test-method> <!-- afterMethod -->
      </class> <!-- autuomation.Run1 -->
    </test> <!-- Default test -->
  </suite> <!-- Default suite -->
</testng-results>
