<?xml version="1.0" encoding="UTF-8"?>
<!-- Generated by org.testng.reporters.JUnitXMLReporter -->
<testsuite ignored="0" hostname="binsonPc" failures="0" tests="4" name="Default test" time="10.879" errors="0" timestamp="2021-03-04T09:12:58 EST">
  <testcase classname="dataProvider.RunData" name="f" time="0.369"/>
  <testcase classname="dataProvider.RunData" name="f" time="0.278"/>
  <testcase classname="dataProvider.RunData" name="f" time="0.25"/>
  <testcase classname="dataProvider.RunData" name="f" time="0.215"/>
</testsuite> <!-- Default test -->
