<?xml version="1.0" encoding="UTF-8"?>
<testng-results ignored="0" total="4" passed="4" failed="0" skipped="0">
  <reporter-output>
  </reporter-output>
  <suite started-at="2021-03-04T09:12:47 EST" name="Default suite" finished-at="2021-03-04T09:12:58 EST" duration-ms="10879">
    <groups>
    </groups>
    <test started-at="2021-03-04T09:12:47 EST" name="Default test" finished-at="2021-03-04T09:12:58 EST" duration-ms="10879">
      <class name="dataProvider.RunData">
        <test-method is-config="true" signature="beforeMethod()[pri:0, instance:dataProvider.RunData@152aa092]" started-at="2021-03-04T09:12:47 EST" name="beforeMethod" finished-at="2021-03-04T09:12:49 EST" duration-ms="2363" status="PASS">
          <reporter-output>
          </reporter-output>
        </test-method> <!-- beforeMethod -->
        <test-method signature="f(java.lang.String, java.lang.String)[pri:0, instance:dataProvider.RunData@152aa092]" started-at="2021-03-04T09:12:49 EST" name="f" data-provider="LoginData" finished-at="2021-03-04T09:12:50 EST" duration-ms="369" status="PASS">
          <params>
            <param index="0">
              <value>
                <![CDATA[standard_user]]>
              </value>
            </param>
            <param index="1">
              <value>
                <![CDATA[secret_sauce]]>
              </value>
            </param>
          </params>
          <reporter-output>
          </reporter-output>
        </test-method> <!-- f -->
        <test-method is-config="true" signature="tearDown()[pri:0, instance:dataProvider.RunData@152aa092]" started-at="2021-03-04T09:12:50 EST" name="tearDown" finished-at="2021-03-04T09:12:51 EST" duration-ms="668" status="PASS">
          <reporter-output>
          </reporter-output>
        </test-method> <!-- tearDown -->
        <test-method is-config="true" signature="beforeMethod()[pri:0, instance:dataProvider.RunData@152aa092]" started-at="2021-03-04T09:12:51 EST" name="beforeMethod" finished-at="2021-03-04T09:12:52 EST" duration-ms="1703" status="PASS">
          <reporter-output>
          </reporter-output>
        </test-method> <!-- beforeMethod -->
        <test-method signature="f(java.lang.String, java.lang.String)[pri:0, instance:dataProvider.RunData@152aa092]" started-at="2021-03-04T09:12:52 EST" name="f" data-provider="LoginData" finished-at="2021-03-04T09:12:52 EST" duration-ms="278" status="PASS">
          <params>
            <param index="0">
              <value>
                <![CDATA[standard_user]]>
              </value>
            </param>
            <param index="1">
              <value>
                <![CDATA[secret_sauce]]>
              </value>
            </param>
          </params>
          <reporter-output>
          </reporter-output>
        </test-method> <!-- f -->
        <test-method is-config="true" signature="tearDown()[pri:0, instance:dataProvider.RunData@152aa092]" started-at="2021-03-04T09:12:52 EST" name="tearDown" finished-at="2021-03-04T09:12:53 EST" duration-ms="627" status="PASS">
          <reporter-output>
          </reporter-output>
        </test-method> <!-- tearDown -->
        <test-method is-config="true" signature="beforeMethod()[pri:0, instance:dataProvider.RunData@152aa092]" started-at="2021-03-04T09:12:53 EST" name="beforeMethod" finished-at="2021-03-04T09:12:55 EST" duration-ms="1522" status="PASS">
          <reporter-output>
          </reporter-output>
        </test-method> <!-- beforeMethod -->
        <test-method signature="f(java.lang.String, java.lang.String)[pri:0, instance:dataProvider.RunData@152aa092]" started-at="2021-03-04T09:12:55 EST" name="f" data-provider="LoginData" finished-at="2021-03-04T09:12:55 EST" duration-ms="250" status="PASS">
          <params>
            <param index="0">
              <value>
                <![CDATA[standard_user]]>
              </value>
            </param>
            <param index="1">
              <value>
                <![CDATA[secret_sauce]]>
              </value>
            </param>
          </params>
          <reporter-output>
          </reporter-output>
        </test-method> <!-- f -->
        <test-method is-config="true" signature="tearDown()[pri:0, instance:dataProvider.RunData@152aa092]" started-at="2021-03-04T09:12:55 EST" name="tearDown" finished-at="2021-03-04T09:12:56 EST" duration-ms="637" status="PASS">
          <reporter-output>
          </reporter-output>
        </test-method> <!-- tearDown -->
        <test-method is-config="true" signature="beforeMethod()[pri:0, instance:dataProvider.RunData@152aa092]" started-at="2021-03-04T09:12:56 EST" name="beforeMethod" finished-at="2021-03-04T09:12:57 EST" duration-ms="1544" status="PASS">
          <reporter-output>
          </reporter-output>
        </test-method> <!-- beforeMethod -->
        <test-method signature="f(java.lang.String, java.lang.String)[pri:0, instance:dataProvider.RunData@152aa092]" started-at="2021-03-04T09:12:57 EST" name="f" data-provider="LoginData" finished-at="2021-03-04T09:12:57 EST" duration-ms="215" status="PASS">
          <params>
            <param index="0">
              <value>
                <![CDATA[standard_user]]>
              </value>
            </param>
            <param index="1">
              <value>
                <![CDATA[secret_sauce]]>
              </value>
            </param>
          </params>
          <reporter-output>
          </reporter-output>
        </test-method> <!-- f -->
        <test-method is-config="true" signature="tearDown()[pri:0, instance:dataProvider.RunData@152aa092]" started-at="2021-03-04T09:12:57 EST" name="tearDown" finished-at="2021-03-04T09:12:58 EST" duration-ms="638" status="PASS">
          <reporter-output>
          </reporter-output>
        </test-method> <!-- tearDown -->
      </class> <!-- dataProvider.RunData -->
    </test> <!-- Default test -->
  </suite> <!-- Default suite -->
</testng-results>
