<?xml version="1.0" encoding="UTF-8"?>
<testng-results ignored="0" total="1" passed="1" failed="0" skipped="0">
  <reporter-output>
  </reporter-output>
  <suite started-at="2020-12-06T20:52:59 EST" name="Default suite" finished-at="2020-12-06T20:53:05 EST" duration-ms="6529">
    <groups>
    </groups>
    <test started-at="2020-12-06T20:52:59 EST" name="Default test" finished-at="2020-12-06T20:53:05 EST" duration-ms="6529">
      <class name="Search.test1_GoogleSearch">
        <test-method signature="f()[pri:0, instance:Search.test1_GoogleSearch@3943a2be]" started-at="2020-12-06T20:52:59 EST" name="f" finished-at="2020-12-06T20:53:05 EST" duration-ms="6455" status="PASS">
          <reporter-output>
          </reporter-output>
        </test-method> <!-- f -->
      </class> <!-- Search.test1_GoogleSearch -->
    </test> <!-- Default test -->
  </suite> <!-- Default suite -->
</testng-results>
